mode: set
cronjob-tutorial/controllers/cronjob_controller.go:48.36,48.57 1 0
cronjob-tutorial/controllers/cronjob_controller.go:65.78,71.65 4 0
cronjob-tutorial/controllers/cronjob_controller.go:79.2,80.129 2 0
cronjob-tutorial/controllers/cronjob_controller.go:86.2,91.73 5 0
cronjob-tutorial/controllers/cronjob_controller.go:100.2,100.70 1 0
cronjob-tutorial/controllers/cronjob_controller.go:113.2,113.38 1 0
cronjob-tutorial/controllers/cronjob_controller.go:140.2,140.27 1 0
cronjob-tutorial/controllers/cronjob_controller.go:145.2,146.39 2 0
cronjob-tutorial/controllers/cronjob_controller.go:154.2,155.57 2 0
cronjob-tutorial/controllers/cronjob_controller.go:161.2,161.48 1 0
cronjob-tutorial/controllers/cronjob_controller.go:180.2,180.52 1 0
cronjob-tutorial/controllers/cronjob_controller.go:198.2,198.58 1 0
cronjob-tutorial/controllers/cronjob_controller.go:202.2,202.115 1 0
cronjob-tutorial/controllers/cronjob_controller.go:256.2,257.16 2 0
cronjob-tutorial/controllers/cronjob_controller.go:263.2,265.24 3 0
cronjob-tutorial/controllers/cronjob_controller.go:271.2,273.49 3 0
cronjob-tutorial/controllers/cronjob_controller.go:276.2,276.13 1 0
cronjob-tutorial/controllers/cronjob_controller.go:284.2,284.85 1 0
cronjob-tutorial/controllers/cronjob_controller.go:290.2,290.63 1 0
cronjob-tutorial/controllers/cronjob_controller.go:299.2,299.103 1 0
cronjob-tutorial/controllers/cronjob_controller.go:325.2,326.16 2 0
cronjob-tutorial/controllers/cronjob_controller.go:333.2,333.43 1 0
cronjob-tutorial/controllers/cronjob_controller.go:338.2,340.29 2 0
cronjob-tutorial/controllers/cronjob_controller.go:71.65,77.3 2 0
cronjob-tutorial/controllers/cronjob_controller.go:80.129,83.3 2 0
cronjob-tutorial/controllers/cronjob_controller.go:91.73,92.43 1 0
cronjob-tutorial/controllers/cronjob_controller.go:98.3,98.19 1 0
cronjob-tutorial/controllers/cronjob_controller.go:92.43,93.104 1 0
cronjob-tutorial/controllers/cronjob_controller.go:93.104,95.5 1 0
cronjob-tutorial/controllers/cronjob_controller.go:100.70,102.24 2 0
cronjob-tutorial/controllers/cronjob_controller.go:106.3,107.17 2 0
cronjob-tutorial/controllers/cronjob_controller.go:110.3,110.26 1 0
cronjob-tutorial/controllers/cronjob_controller.go:102.24,104.4 1 0
cronjob-tutorial/controllers/cronjob_controller.go:107.17,109.4 1 0
cronjob-tutorial/controllers/cronjob_controller.go:113.38,115.23 2 0
cronjob-tutorial/controllers/cronjob_controller.go:126.3,127.17 2 0
cronjob-tutorial/controllers/cronjob_controller.go:131.3,131.33 1 0
cronjob-tutorial/controllers/cronjob_controller.go:116.11,117.56 1 0
cronjob-tutorial/controllers/cronjob_controller.go:118.25,119.56 1 0
cronjob-tutorial/controllers/cronjob_controller.go:120.27,121.64 1 0
cronjob-tutorial/controllers/cronjob_controller.go:127.17,129.12 2 0
cronjob-tutorial/controllers/cronjob_controller.go:131.33,132.29 1 0
cronjob-tutorial/controllers/cronjob_controller.go:132.29,134.5 1 0
cronjob-tutorial/controllers/cronjob_controller.go:134.10,134.58 1 0
cronjob-tutorial/controllers/cronjob_controller.go:134.58,136.5 1 0
cronjob-tutorial/controllers/cronjob_controller.go:140.27,142.3 1 0
cronjob-tutorial/controllers/cronjob_controller.go:142.8,144.3 1 0
cronjob-tutorial/controllers/cronjob_controller.go:146.39,148.17 2 0
cronjob-tutorial/controllers/cronjob_controller.go:152.3,152.65 1 0
cronjob-tutorial/controllers/cronjob_controller.go:148.17,150.12 2 0
cronjob-tutorial/controllers/cronjob_controller.go:155.57,158.3 2 0
cronjob-tutorial/controllers/cronjob_controller.go:161.48,162.46 1 0
cronjob-tutorial/controllers/cronjob_controller.go:168.3,168.34 1 0
cronjob-tutorial/controllers/cronjob_controller.go:162.46,163.45 1 0
cronjob-tutorial/controllers/cronjob_controller.go:166.4,166.80 1 0
cronjob-tutorial/controllers/cronjob_controller.go:163.45,165.5 1 0
cronjob-tutorial/controllers/cronjob_controller.go:168.34,169.79 1 0
cronjob-tutorial/controllers/cronjob_controller.go:172.4,172.130 1 0
cronjob-tutorial/controllers/cronjob_controller.go:169.79,170.10 1 0
cronjob-tutorial/controllers/cronjob_controller.go:172.130,174.5 1 0
cronjob-tutorial/controllers/cronjob_controller.go:174.10,176.5 1 0
cronjob-tutorial/controllers/cronjob_controller.go:180.52,181.50 1 0
cronjob-tutorial/controllers/cronjob_controller.go:187.3,187.38 1 0
cronjob-tutorial/controllers/cronjob_controller.go:181.50,182.49 1 0
cronjob-tutorial/controllers/cronjob_controller.go:185.4,185.88 1 0
cronjob-tutorial/controllers/cronjob_controller.go:182.49,184.5 1 0
cronjob-tutorial/controllers/cronjob_controller.go:187.38,188.87 1 0
cronjob-tutorial/controllers/cronjob_controller.go:191.4,191.109 1 0
cronjob-tutorial/controllers/cronjob_controller.go:188.87,189.10 1 0
cronjob-tutorial/controllers/cronjob_controller.go:191.109,193.5 1 0
cronjob-tutorial/controllers/cronjob_controller.go:193.10,195.5 1 0
cronjob-tutorial/controllers/cronjob_controller.go:198.58,201.3 2 0
cronjob-tutorial/controllers/cronjob_controller.go:202.115,204.17 2 0
cronjob-tutorial/controllers/cronjob_controller.go:211.3,212.45 2 0
cronjob-tutorial/controllers/cronjob_controller.go:217.3,217.50 1 0
cronjob-tutorial/controllers/cronjob_controller.go:225.3,225.30 1 0
cronjob-tutorial/controllers/cronjob_controller.go:229.3,230.71 2 0
cronjob-tutorial/controllers/cronjob_controller.go:252.3,252.42 1 0
cronjob-tutorial/controllers/cronjob_controller.go:204.17,206.4 1 0
cronjob-tutorial/controllers/cronjob_controller.go:212.45,214.4 1 0
cronjob-tutorial/controllers/cronjob_controller.go:214.9,216.4 1 0
cronjob-tutorial/controllers/cronjob_controller.go:217.50,221.46 2 0
cronjob-tutorial/controllers/cronjob_controller.go:221.46,223.5 1 0
cronjob-tutorial/controllers/cronjob_controller.go:225.30,227.4 1 0
cronjob-tutorial/controllers/cronjob_controller.go:230.71,247.20 3 0
cronjob-tutorial/controllers/cronjob_controller.go:247.20,250.5 1 0
cronjob-tutorial/controllers/cronjob_controller.go:257.16,262.3 2 0
cronjob-tutorial/controllers/cronjob_controller.go:265.24,268.3 2 0
cronjob-tutorial/controllers/cronjob_controller.go:273.49,275.3 1 0
cronjob-tutorial/controllers/cronjob_controller.go:276.13,280.3 2 0
cronjob-tutorial/controllers/cronjob_controller.go:284.85,287.3 2 0
cronjob-tutorial/controllers/cronjob_controller.go:290.63,291.40 1 0
cronjob-tutorial/controllers/cronjob_controller.go:291.40,293.136 1 0
cronjob-tutorial/controllers/cronjob_controller.go:293.136,296.5 2 0
cronjob-tutorial/controllers/cronjob_controller.go:299.103,312.58 3 0
cronjob-tutorial/controllers/cronjob_controller.go:315.3,316.53 2 0
cronjob-tutorial/controllers/cronjob_controller.go:319.3,319.77 1 0
cronjob-tutorial/controllers/cronjob_controller.go:322.3,322.18 1 0
cronjob-tutorial/controllers/cronjob_controller.go:312.58,314.4 1 0
cronjob-tutorial/controllers/cronjob_controller.go:316.53,318.4 1 0
cronjob-tutorial/controllers/cronjob_controller.go:319.77,321.4 1 0
cronjob-tutorial/controllers/cronjob_controller.go:326.16,330.3 2 0
cronjob-tutorial/controllers/cronjob_controller.go:333.43,336.3 2 0
cronjob-tutorial/controllers/cronjob_controller.go:349.70,351.20 1 0
cronjob-tutorial/controllers/cronjob_controller.go:355.2,355.110 1 0
cronjob-tutorial/controllers/cronjob_controller.go:373.2,376.14 1 0
cronjob-tutorial/controllers/cronjob_controller.go:351.20,353.3 1 0
cronjob-tutorial/controllers/cronjob_controller.go:355.110,359.19 3 0
cronjob-tutorial/controllers/cronjob_controller.go:363.3,363.62 1 0
cronjob-tutorial/controllers/cronjob_controller.go:368.3,368.30 1 0
cronjob-tutorial/controllers/cronjob_controller.go:359.19,361.4 1 0
cronjob-tutorial/controllers/cronjob_controller.go:363.62,365.4 1 0
cronjob-tutorial/controllers/cronjob_controller.go:369.17,371.3 1 0
